-----Zoo full of Animals------


---------Zoo Opened----------
Wake: Animal Hunk wakes up!
Wake: Animal Hero wakes up!
Wake: Animal Elliot wakes up!
Wake: Animal Eldo wakes up!
Wake: Animal Riley wakes up!
Wake: Animal Rach wakes up!
Wake: Animal Titan wakes up!
Wake: Animal Tim wakes up!
Wake: Animal Lufasa wakes up!
Wake: Animal Lindor wakes up!
Roam: Cat Chip jumps in the air
Eat: Feline Choco eats
Wake: Animal Whyte wakes up!
Wake: Animal Warren wakes up!
Wake: Animal Dum wakes up!
Wake: Animal Dazz wakes up!
MakeNoise: Hunk says Growl Growl
MakeNoise: Hero says Growl Growl
MakeNoise: Elliot says Trumpet Trumpet!!
MakeNoise: Eldo says Trumpet Trumpet!!
MakeNoise: Riley says Bellow Bellow!!
MakeNoise: Rach says Bellow Bellow!!
MakeNoise: Titan says Snarl Snarl!!
MakeNoise: Tim says Snarl Snarl!!
MakeNoise: Lufasa says Roar Roar!!
MakeNoise: Lindor says Roar Roar!!
Eat: Feline Chip eats
Wake: Animal Choco wakes up!
MakeNoise: Whyte says Hey there, Little Red Riding Hood!
MakeNoise: Warren says Hey there, Little Red Riding Hood!
MakeNoise: Dum says Woof Woof!!
MakeNoise: Dazz says Woof Woof!!
Eat: Pachyderm  Hunk  eats
Eat: Pachyderm  Hero  eats
Eat: Pachyderm  Elliot  eats
Eat: Pachyderm  Eldo  eats
Eat: Pachyderm  Riley  eats
Eat: Pachyderm  Rach  eats
Eat: Feline Titan eats
Eat: Feline Tim eats
Eat: Feline Lufasa eats
Eat: Feline Lindor eats
Eat: Feline Chip eats
Sleep: Animal Choco sleeps
Eat: Canine Whyte eats meat
Eat: Canine Warren eats meat
Eat: Canine Dum eats meat
Eat: Canine Dazz eats meat
Roam: Hippo Hunk likes to move it move it
Roam: Hippo Hero likes to move it move it
Roam: Elephant Elliot does power yoga
Roam: Elephant Eldo does power yoga
Roam: Rhino Riley  dances in the pool
Roam: Rhino Rach  dances in the pool
Roam: Tigeress Titan trains from Master Shifu
Roam: Tigeress Tim trains from Master Shifu
Roam: Lion Lufasa explores everything the light touches
Roam: Lion Lindor explores everything the light touches
Roam: Cat Chip jumps in the air
Sleep: Animal Choco sleeps
Roam: Wolf Whyte does Cardio
Roam: Wolf Warren does Cardio
Roam: Dog Dum sploots cutely
Roam: Dog Dazz sploots cutely
Sleep: Animal Hunk sleeps
Sleep: Animal Hero sleeps
Sleep: Animal Elliot sleeps
Sleep: Animal Eldo sleeps
Sleep: Animal Riley sleeps
Sleep: Animal Rach sleeps
Sleep: Animal Titan sleeps
Sleep: Animal Tim sleeps
Sleep: Animal Lufasa sleeps
Sleep: Animal Lindor sleeps
Eat: Feline Chip eats
Wake: Animal Choco wakes up!
Sleep: Animal Whyte sleeps
Sleep: Animal Warren sleeps
Sleep: Animal Dum sleeps
Sleep: Animal Dazz sleeps
Zoo Closed

